<?xml version="1.0" encoding="UTF-8"?>
<!-- Generated by org.testng.reporters.JUnitReportReporter -->
<testsuite hostname="DESKTOP-B7G9D21" failures="0" tests="1" name="testAPIPackage.SumValidationExercise" time="6.188" errors="0" timestamp="2021-06-10T02:24:52 IST" skipped="0">
  <testcase classname="testAPIPackage.SumValidationExercise" name="sumOfCoursesExercise" time="6.188"/>
  <system-out/>
</testsuite> <!-- testAPIPackage.SumValidationExercise -->
