<?xml version="1.0" encoding="UTF-8"?>
<!-- Generated by org.testng.reporters.JUnitReportReporter -->
<testsuite hostname="DESKTOP-B7G9D21" failures="0" tests="1" name="testAPIPackage.DynamicJsonOps" time="4.752" errors="0" timestamp="2021-06-11T02:23:42 IST" skipped="0">
  <testcase classname="testAPIPackage.DynamicJsonOps" name="addBookLibraryAPI" time="4.752"/>
  <system-out/>
</testsuite> <!-- testAPIPackage.DynamicJsonOps -->
